<?xml version="1.0" encoding="UTF-8"?>
<!-- Generated by org.testng.reporters.JUnitReportReporter -->
<testsuite hostname="tr-nb-2416" name="com.snaptravel.hotelbooking.test.TestHotelBooking" tests="1" failures="0" timestamp="12 Jul 2019 13:40:08 GMT" time="85.464" errors="0">
  <testcase name="testLogin" time="85.464" classname="com.snaptravel.hotelbooking.test.TestHotelBooking"/>
</testsuite> <!-- com.snaptravel.hotelbooking.test.TestHotelBooking -->
